<?xml version="1.0" encoding="UTF-8"?>
<testng-results ignored="0" total="9" passed="9" failed="0" skipped="0">
  <reporter-output>
  </reporter-output>
  <suite started-at="2024-04-22T11:30:56 IST" name="Default suite" finished-at="2024-04-22T11:32:13 IST" duration-ms="77532">
    <groups>
    </groups>
    <test started-at="2024-04-22T11:30:56 IST" name="Default test" finished-at="2024-04-22T11:32:13 IST" duration-ms="77532">
      <class name="Prelogin.AboutPartnerPages">
        <test-method is-config="true" signature="beforeSuite()[pri:0, instance:Prelogin.AboutPartnerPages@3a44431a]" started-at="2024-04-22T11:30:40 IST" name="beforeSuite" finished-at="2024-04-22T11:30:56 IST" duration-ms="15346" status="PASS">
          <reporter-output>
          </reporter-output>
        </test-method> <!-- beforeSuite -->
        <test-method is-config="true" signature="beforeTest()[pri:0, instance:Prelogin.AboutPartnerPages@3a44431a]" started-at="2024-04-22T11:30:56 IST" name="beforeTest" finished-at="2024-04-22T11:30:56 IST" duration-ms="493" status="PASS">
          <reporter-output>
          </reporter-output>
        </test-method> <!-- beforeTest -->
        <test-method signature="a1_aboutPage()[pri:0, instance:Prelogin.AboutPartnerPages@3a44431a]" started-at="2024-04-22T11:30:56 IST" name="a1_aboutPage" finished-at="2024-04-22T11:31:00 IST" duration-ms="4019" status="PASS">
          <reporter-output>
          </reporter-output>
        </test-method> <!-- a1_aboutPage -->
        <test-method signature="a2_section1()[pri:0, instance:Prelogin.AboutPartnerPages@3a44431a]" started-at="2024-04-22T11:31:00 IST" name="a2_section1" finished-at="2024-04-22T11:31:01 IST" duration-ms="171" status="PASS">
          <reporter-output>
          </reporter-output>
        </test-method> <!-- a2_section1 -->
        <test-method signature="a3_section2()[pri:0, instance:Prelogin.AboutPartnerPages@3a44431a]" started-at="2024-04-22T11:31:01 IST" name="a3_section2" finished-at="2024-04-22T11:31:06 IST" duration-ms="5353" status="PASS">
          <reporter-output>
          </reporter-output>
        </test-method> <!-- a3_section2 -->
        <test-method signature="a4_section3()[pri:0, instance:Prelogin.AboutPartnerPages@3a44431a]" started-at="2024-04-22T11:31:06 IST" name="a4_section3" finished-at="2024-04-22T11:31:16 IST" duration-ms="10058" status="PASS">
          <reporter-output>
          </reporter-output>
        </test-method> <!-- a4_section3 -->
        <test-method signature="a5_section4()[pri:0, instance:Prelogin.AboutPartnerPages@3a44431a]" started-at="2024-04-22T11:31:16 IST" name="a5_section4" finished-at="2024-04-22T11:31:23 IST" duration-ms="7197" status="PASS">
          <reporter-output>
          </reporter-output>
        </test-method> <!-- a5_section4 -->
        <test-method signature="b1_partnerPage()[pri:0, instance:Prelogin.AboutPartnerPages@3a44431a]" started-at="2024-04-22T11:31:23 IST" name="b1_partnerPage" finished-at="2024-04-22T11:31:33 IST" duration-ms="9428" status="PASS">
          <reporter-output>
          </reporter-output>
        </test-method> <!-- b1_partnerPage -->
        <test-method signature="b2_section1()[pri:0, instance:Prelogin.AboutPartnerPages@3a44431a]" started-at="2024-04-22T11:31:33 IST" name="b2_section1" finished-at="2024-04-22T11:31:37 IST" duration-ms="4681" status="PASS">
          <reporter-output>
          </reporter-output>
        </test-method> <!-- b2_section1 -->
        <test-method signature="b3_section2()[pri:0, instance:Prelogin.AboutPartnerPages@3a44431a]" started-at="2024-04-22T11:31:37 IST" name="b3_section2" finished-at="2024-04-22T11:32:05 IST" duration-ms="27286" status="PASS">
          <reporter-output>
          </reporter-output>
        </test-method> <!-- b3_section2 -->
        <test-method signature="b4_section3()[pri:0, instance:Prelogin.AboutPartnerPages@3a44431a]" started-at="2024-04-22T11:32:05 IST" name="b4_section3" finished-at="2024-04-22T11:32:13 IST" duration-ms="8223" status="PASS">
          <reporter-output>
          </reporter-output>
        </test-method> <!-- b4_section3 -->
        <test-method is-config="true" signature="teardown()[pri:0, instance:Prelogin.AboutPartnerPages@3a44431a]" started-at="2024-04-22T11:32:13 IST" name="teardown" finished-at="2024-04-22T11:32:13 IST" duration-ms="512" status="PASS">
          <reporter-output>
          </reporter-output>
        </test-method> <!-- teardown -->
        <test-method is-config="true" signature="afterSuite()[pri:0, instance:Prelogin.AboutPartnerPages@3a44431a]" started-at="2024-04-22T11:32:13 IST" name="afterSuite" finished-at="2024-04-22T11:32:14 IST" duration-ms="257" status="PASS">
          <reporter-output>
          </reporter-output>
        </test-method> <!-- afterSuite -->
      </class> <!-- Prelogin.AboutPartnerPages -->
    </test> <!-- Default test -->
  </suite> <!-- Default suite -->
</testng-results>
