<?xml version="1.0" encoding="UTF-8"?>
<!-- Generated by org.testng.reporters.JUnitXMLReporter -->
<testsuite ignored="0" hostname="DESKTOP-T14N3G6" failures="0" tests="9" name="Default test" time="77.532" errors="0" timestamp="2024-04-22T11:32:13 IST">
  <testcase classname="Prelogin.AboutPartnerPages" name="a1_aboutPage" time="4.019"/>
  <testcase classname="Prelogin.AboutPartnerPages" name="a2_section1" time="0.171"/>
  <testcase classname="Prelogin.AboutPartnerPages" name="a3_section2" time="5.353"/>
  <testcase classname="Prelogin.AboutPartnerPages" name="a4_section3" time="10.058"/>
  <testcase classname="Prelogin.AboutPartnerPages" name="a5_section4" time="7.197"/>
  <testcase classname="Prelogin.AboutPartnerPages" name="b1_partnerPage" time="9.428"/>
  <testcase classname="Prelogin.AboutPartnerPages" name="b2_section1" time="4.681"/>
  <testcase classname="Prelogin.AboutPartnerPages" name="b3_section2" time="27.286"/>
  <testcase classname="Prelogin.AboutPartnerPages" name="b4_section3" time="8.223"/>
</testsuite> <!-- Default test -->
